<?xml version="1.0" encoding="UTF-8"?>
<testng-results skipped="0" failed="0" ignored="0" total="2" passed="2">
  <reporter-output>
  </reporter-output>
  <suite name="Suite" duration-ms="58268" started-at="2022-07-27T10:54:57 IST" finished-at="2022-07-27T10:55:55 IST">
    <groups>
    </groups>
    <test name="Test" duration-ms="58268" started-at="2022-07-27T10:54:57 IST" finished-at="2022-07-27T10:55:55 IST">
      <class name="com.myntra.Myntra_Project">
        <test-method status="PASS" signature="browserSetUp()[pri:0, instance:com.myntra.Myntra_Project@30a3107a]" name="browserSetUp" is-config="true" duration-ms="3423" started-at="2022-07-27T10:54:57 IST" finished-at="2022-07-27T10:55:00 IST">
          <reporter-output>
          </reporter-output>
        </test-method> <!-- browserSetUp -->
        <test-method status="PASS" signature="getProductPrice()[pri:0, instance:com.myntra.Myntra_Project@30a3107a]" name="getProductPrice" duration-ms="21136" started-at="2022-07-27T10:55:00 IST" finished-at="2022-07-27T10:55:22 IST">
          <reporter-output>
          </reporter-output>
        </test-method> <!-- getProductPrice -->
        <test-method status="PASS" signature="browserSetUp()[pri:0, instance:com.myntra.Myntra_Project@30a3107a]" name="browserSetUp" is-config="true" duration-ms="4452" started-at="2022-07-27T10:55:22 IST" finished-at="2022-07-27T10:55:26 IST">
          <reporter-output>
          </reporter-output>
        </test-method> <!-- browserSetUp -->
        <test-method status="PASS" signature="get_ProductName(int)[pri:0, instance:com.myntra.Myntra_Project@30a3107a]" name="get_ProductName" duration-ms="29163" started-at="2022-07-27T10:55:26 IST" finished-at="2022-07-27T10:55:55 IST">
          <params>
            <param index="0">
              <value>
                <![CDATA[494]]>
              </value>
            </param>
          </params>
          <reporter-output>
          </reporter-output>
        </test-method> <!-- get_ProductName -->
      </class> <!-- com.myntra.Myntra_Project -->
    </test> <!-- Test -->
  </suite> <!-- Suite -->
</testng-results>
